<?xml version="1.0" encoding="UTF-8" ?>
<testsuite errors="0" failures="0" hostname="Miles-Fabers-MacBook-Pro.local" name="com.portfolioaware.j.RiskControllerSpec" tests="7" time="2.255" timestamp="2014-09-24T20:13:59">
  <properties />
  <testcase classname="com.portfolioaware.j.RiskControllerSpec" name="Test the index action returns the correct model" time="0.473" />
  <testcase classname="com.portfolioaware.j.RiskControllerSpec" name="Test the create action returns the correct model" time="0.058" />
  <testcase classname="com.portfolioaware.j.RiskControllerSpec" name="Test the save action correctly persists an instance" time="0.625" />
  <testcase classname="com.portfolioaware.j.RiskControllerSpec" name="Test that the show action returns the correct model" time="0.182" />
  <testcase classname="com.portfolioaware.j.RiskControllerSpec" name="Test that the edit action returns the correct model" time="0.156" />
  <testcase classname="com.portfolioaware.j.RiskControllerSpec" name="Test the update action performs an update on a valid domain instance" time="0.472" />
  <testcase classname="com.portfolioaware.j.RiskControllerSpec" name="Test that the delete action deletes an instance if it exists" time="0.253" />
  <system-out><![CDATA[--Output from Test the index action returns the correct model--
--Output from Test the create action returns the correct model--
--Output from Test the save action correctly persists an instance--
--Output from Test that the show action returns the correct model--
--Output from Test that the edit action returns the correct model--
--Output from Test the update action performs an update on a valid domain instance--
--Output from Test that the delete action deletes an instance if it exists--
]]></system-out>
  <system-err><![CDATA[--Output from Test the index action returns the correct model--
--Output from Test the create action returns the correct model--
--Output from Test the save action correctly persists an instance--
--Output from Test that the show action returns the correct model--
--Output from Test that the edit action returns the correct model--
--Output from Test the update action performs an update on a valid domain instance--
--Output from Test that the delete action deletes an instance if it exists--
]]></system-err>
</testsuite>
