<?xml version="1.0" encoding="UTF-8" ?>
<testsuite errors="0" failures="3" hostname="Miles-Fabers-MacBook-Pro.local" name="com.portfolioaware.j.SearchInfoControllerSpec" tests="7" time="2.522" timestamp="2014-09-24T20:14:01">
  <properties />
  <testcase classname="com.portfolioaware.j.SearchInfoControllerSpec" name="Test the index action returns the correct model" time="0.359" />
  <testcase classname="com.portfolioaware.j.SearchInfoControllerSpec" name="Test the create action returns the correct model" time="0.056" />
  <testcase classname="com.portfolioaware.j.SearchInfoControllerSpec" name="Test the save action correctly persists an instance" time="1.054">
    <failure message="Condition not satisfied:&#xa;&#xa;model.searchInfoInstance!= null&#xa;|     |                 |&#xa;[:]   null              false&#xa;" type="junit.framework.AssertionFailedError">junit.framework.AssertionFailedError: Condition not satisfied:

model.searchInfoInstance!= null
|     |                 |
[:]   null              false

	at com.portfolioaware.j.SearchInfoControllerSpec.Test the save action correctly persists an instance(SearchInfoControllerSpec.groovy:47)
</failure>
  </testcase>
  <testcase classname="com.portfolioaware.j.SearchInfoControllerSpec" name="Test that the show action returns the correct model" time="0.157" />
  <testcase classname="com.portfolioaware.j.SearchInfoControllerSpec" name="Test that the edit action returns the correct model" time="0.082" />
  <testcase classname="com.portfolioaware.j.SearchInfoControllerSpec" name="Test the update action performs an update on a valid domain instance" time="0.658">
    <failure message="Condition not satisfied:&#xa;&#xa;view == &apos;edit&apos;&#xa;|    |&#xa;null false&#xa;" type="junit.framework.AssertionFailedError">junit.framework.AssertionFailedError: Condition not satisfied:

view == &apos;edit&apos;
|    |
null false

	at com.portfolioaware.j.SearchInfoControllerSpec.Test the update action performs an update on a valid domain instance(SearchInfoControllerSpec.groovy:113)
</failure>
  </testcase>
  <testcase classname="com.portfolioaware.j.SearchInfoControllerSpec" name="Test that the delete action deletes an instance if it exists" time="0.114">
    <failure message="Condition not satisfied:&#xa;&#xa;SearchInfo.count() == 1&#xa;           |       |&#xa;           0       false&#xa;" type="junit.framework.AssertionFailedError">junit.framework.AssertionFailedError: Condition not satisfied:

SearchInfo.count() == 1
           |       |
           0       false

	at com.portfolioaware.j.SearchInfoControllerSpec.Test that the delete action deletes an instance if it exists(SearchInfoControllerSpec.groovy:143)
</failure>
  </testcase>
  <system-out><![CDATA[--Output from Test the index action returns the correct model--
--Output from Test the create action returns the correct model--
--Output from Test the save action correctly persists an instance--
--Output from Test that the show action returns the correct model--
--Output from Test that the edit action returns the correct model--
--Output from Test the update action performs an update on a valid domain instance--
--Output from Test that the delete action deletes an instance if it exists--
]]></system-out>
  <system-err><![CDATA[--Output from Test the index action returns the correct model--
--Output from Test the create action returns the correct model--
--Output from Test the save action correctly persists an instance--
--Output from Test that the show action returns the correct model--
--Output from Test that the edit action returns the correct model--
--Output from Test the update action performs an update on a valid domain instance--
--Output from Test that the delete action deletes an instance if it exists--
]]></system-err>
</testsuite>
