<?xml version="1.0" encoding="UTF-8" ?>
<testsuite errors="0" failures="0" hostname="Miles-Fabers-MacBook-Pro.local" name="com.portfolioaware.j.UserControllerSpec" tests="7" time="1.613" timestamp="2014-09-24T20:14:10">
  <properties />
  <testcase classname="com.portfolioaware.j.UserControllerSpec" name="Test the index action returns the correct model" time="0.317" />
  <testcase classname="com.portfolioaware.j.UserControllerSpec" name="Test the create action returns the correct model" time="0.074" />
  <testcase classname="com.portfolioaware.j.UserControllerSpec" name="Test the save action correctly persists an instance" time="0.169" />
  <testcase classname="com.portfolioaware.j.UserControllerSpec" name="Test that the show action returns the correct model" time="0.203" />
  <testcase classname="com.portfolioaware.j.UserControllerSpec" name="Test that the edit action returns the correct model" time="0.144" />
  <testcase classname="com.portfolioaware.j.UserControllerSpec" name="Test the update action performs an update on a valid domain instance" time="0.518" />
  <testcase classname="com.portfolioaware.j.UserControllerSpec" name="Test that the delete action deletes an instance if it exists" time="0.165" />
  <system-out><![CDATA[--Output from Test the index action returns the correct model--
--Output from Test the create action returns the correct model--
--Output from Test the save action correctly persists an instance--
--Output from Test that the show action returns the correct model--
--Output from Test that the edit action returns the correct model--
--Output from Test the update action performs an update on a valid domain instance--
--Output from Test that the delete action deletes an instance if it exists--
]]></system-out>
  <system-err><![CDATA[--Output from Test the index action returns the correct model--
--Output from Test the create action returns the correct model--
--Output from Test the save action correctly persists an instance--
--Output from Test that the show action returns the correct model--
--Output from Test that the edit action returns the correct model--
--Output from Test the update action performs an update on a valid domain instance--
--Output from Test that the delete action deletes an instance if it exists--
]]></system-err>
</testsuite>
