<?xml version="1.0" encoding="UTF-8" ?>
<testsuite errors="0" failures="0" hostname="Miles-Fabers-MacBook-Pro.local" name="com.portfolioaware.j.ActionControllerSpec" tests="7" time="15.012" timestamp="2014-09-24T20:13:01">
  <properties />
  <testcase classname="com.portfolioaware.j.ActionControllerSpec" name="Test the index action returns the correct model" time="10.898" />
  <testcase classname="com.portfolioaware.j.ActionControllerSpec" name="Test the create action returns the correct model" time="0.27" />
  <testcase classname="com.portfolioaware.j.ActionControllerSpec" name="Test the save action correctly persists an instance" time="1.437" />
  <testcase classname="com.portfolioaware.j.ActionControllerSpec" name="Test that the show action returns the correct model" time="0.097" />
  <testcase classname="com.portfolioaware.j.ActionControllerSpec" name="Test that the edit action returns the correct model" time="0.092" />
  <testcase classname="com.portfolioaware.j.ActionControllerSpec" name="Test the update action performs an update on a valid domain instance" time="0.297" />
  <testcase classname="com.portfolioaware.j.ActionControllerSpec" name="Test that the delete action deletes an instance if it exists" time="1.742" />
  <system-out><![CDATA[--Output from Test the index action returns the correct model--
--Output from Test the create action returns the correct model--
--Output from Test the save action correctly persists an instance--
--Output from Test that the show action returns the correct model--
--Output from Test that the edit action returns the correct model--
--Output from Test the update action performs an update on a valid domain instance--
--Output from Test that the delete action deletes an instance if it exists--
]]></system-out>
  <system-err><![CDATA[--Output from Test the index action returns the correct model--
--Output from Test the create action returns the correct model--
--Output from Test the save action correctly persists an instance--
--Output from Test that the show action returns the correct model--
--Output from Test that the edit action returns the correct model--
--Output from Test the update action performs an update on a valid domain instance--
--Output from Test that the delete action deletes an instance if it exists--
]]></system-err>
</testsuite>
