<?xml version="1.0" encoding="UTF-8" ?>
<testsuite errors="0" failures="0" hostname="Miles-Fabers-MacBook-Pro.local" name="com.portfolioaware.j.ContactInfoControllerSpec" tests="7" time="1.435" timestamp="2014-09-24T20:13:33">
  <properties />
  <testcase classname="com.portfolioaware.j.ContactInfoControllerSpec" name="Test the index action returns the correct model" time="0.324" />
  <testcase classname="com.portfolioaware.j.ContactInfoControllerSpec" name="Test the create action returns the correct model" time="0.08" />
  <testcase classname="com.portfolioaware.j.ContactInfoControllerSpec" name="Test the save action correctly persists an instance" time="0.176" />
  <testcase classname="com.portfolioaware.j.ContactInfoControllerSpec" name="Test that the show action returns the correct model" time="0.053" />
  <testcase classname="com.portfolioaware.j.ContactInfoControllerSpec" name="Test that the edit action returns the correct model" time="0.061" />
  <testcase classname="com.portfolioaware.j.ContactInfoControllerSpec" name="Test the update action performs an update on a valid domain instance" time="0.232" />
  <testcase classname="com.portfolioaware.j.ContactInfoControllerSpec" name="Test that the delete action deletes an instance if it exists" time="0.474" />
  <system-out><![CDATA[--Output from Test the index action returns the correct model--
--Output from Test the create action returns the correct model--
--Output from Test the save action correctly persists an instance--
--Output from Test that the show action returns the correct model--
--Output from Test that the edit action returns the correct model--
--Output from Test the update action performs an update on a valid domain instance--
--Output from Test that the delete action deletes an instance if it exists--
]]></system-out>
  <system-err><![CDATA[--Output from Test the index action returns the correct model--
--Output from Test the create action returns the correct model--
--Output from Test the save action correctly persists an instance--
--Output from Test that the show action returns the correct model--
--Output from Test that the edit action returns the correct model--
--Output from Test the update action performs an update on a valid domain instance--
--Output from Test that the delete action deletes an instance if it exists--
]]></system-err>
</testsuite>
