<?xml version="1.0" encoding="UTF-8" ?>
<testsuite errors="0" failures="0" hostname="Miles-Fabers-MacBook-Pro.local" name="com.portfolioaware.j.CommentControllerSpec" tests="7" time="4.558" timestamp="2014-09-24T20:13:28">
  <properties />
  <testcase classname="com.portfolioaware.j.CommentControllerSpec" name="Test the index action returns the correct model" time="0.386" />
  <testcase classname="com.portfolioaware.j.CommentControllerSpec" name="Test the create action returns the correct model" time="0.065" />
  <testcase classname="com.portfolioaware.j.CommentControllerSpec" name="Test the save action correctly persists an instance" time="0.258" />
  <testcase classname="com.portfolioaware.j.CommentControllerSpec" name="Test that the show action returns the correct model" time="0.066" />
  <testcase classname="com.portfolioaware.j.CommentControllerSpec" name="Test that the edit action returns the correct model" time="0.064" />
  <testcase classname="com.portfolioaware.j.CommentControllerSpec" name="Test the update action performs an update on a valid domain instance" time="0.181" />
  <testcase classname="com.portfolioaware.j.CommentControllerSpec" name="Test that the delete action deletes an instance if it exists" time="3.495" />
  <system-out><![CDATA[--Output from Test the index action returns the correct model--
--Output from Test the create action returns the correct model--
--Output from Test the save action correctly persists an instance--
--Output from Test that the show action returns the correct model--
--Output from Test that the edit action returns the correct model--
--Output from Test the update action performs an update on a valid domain instance--
--Output from Test that the delete action deletes an instance if it exists--
]]></system-out>
  <system-err><![CDATA[--Output from Test the index action returns the correct model--
--Output from Test the create action returns the correct model--
--Output from Test the save action correctly persists an instance--
--Output from Test that the show action returns the correct model--
--Output from Test that the edit action returns the correct model--
--Output from Test the update action performs an update on a valid domain instance--
--Output from Test that the delete action deletes an instance if it exists--
]]></system-err>
</testsuite>
