<?xml version="1.0" encoding="UTF-8" ?>
<testsuite errors="0" failures="0" hostname="Miles-Fabers-MacBook-Pro.local" name="com.portfolioaware.j.MessageControllerSpec" tests="7" time="3.548" timestamp="2014-09-24T20:13:42">
  <properties />
  <testcase classname="com.portfolioaware.j.MessageControllerSpec" name="Test the index action returns the correct model" time="0.41" />
  <testcase classname="com.portfolioaware.j.MessageControllerSpec" name="Test the create action returns the correct model" time="0.072" />
  <testcase classname="com.portfolioaware.j.MessageControllerSpec" name="Test the save action correctly persists an instance" time="0.367" />
  <testcase classname="com.portfolioaware.j.MessageControllerSpec" name="Test that the show action returns the correct model" time="0.166" />
  <testcase classname="com.portfolioaware.j.MessageControllerSpec" name="Test that the edit action returns the correct model" time="0.21" />
  <testcase classname="com.portfolioaware.j.MessageControllerSpec" name="Test the update action performs an update on a valid domain instance" time="2.098" />
  <testcase classname="com.portfolioaware.j.MessageControllerSpec" name="Test that the delete action deletes an instance if it exists" time="0.198" />
  <system-out><![CDATA[--Output from Test the index action returns the correct model--
--Output from Test the create action returns the correct model--
--Output from Test the save action correctly persists an instance--
--Output from Test that the show action returns the correct model--
--Output from Test that the edit action returns the correct model--
--Output from Test the update action performs an update on a valid domain instance--
--Output from Test that the delete action deletes an instance if it exists--
]]></system-out>
  <system-err><![CDATA[--Output from Test the index action returns the correct model--
--Output from Test the create action returns the correct model--
--Output from Test the save action correctly persists an instance--
--Output from Test that the show action returns the correct model--
--Output from Test that the edit action returns the correct model--
--Output from Test the update action performs an update on a valid domain instance--
--Output from Test that the delete action deletes an instance if it exists--
]]></system-err>
</testsuite>
